# JRE version: Java(TM) SE Runtime Environment (17.0.11+7) (build 17.0.11+7-LTS-207)
# Java VM: Java HotSpot(TM) 64-Bit Server VM (17.0.11+7-LTS-207, mixed mode, sharing, tiered, compressed oops, compressed class ptrs, g1 gc, windows-amd64)
GC Precious Log:
 CPUs: 12 total, 12 available
 Memory: 7514M
 Large Page Support: Disabled
 NUMA Support: Disabled
 Compressed Oops: Enabled (32-bit)
 Heap Region Size: 1M
 Heap Min Capacity: 8M
 Heap Initial Capacity: 118M
 Heap Max Capacity: 2G
 Pre-touch: Disabled
 Parallel Workers: 10
 Concurrent Workers: 3
 Concurrent Refinement Workers: 10
 Periodic GC: Disabled
Heap:
 garbage-first heap   total 208896K, used 129498K [0x0000000080000000, 0x0000000100000000)
  region size 1024K, 31 young (31744K), 5 survivors (5120K)
 Metaspace       used 78198K, committed 79040K, reserved 557056K
  class space    used 10910K, committed 11328K, reserved 425984K
GC Heap History (20 events):
Event: 48.587 GC heap before
{Heap before GC invocations=34 (full 0):
 garbage-first heap   total 148480K, used 113857K [0x0000000080000000, 0x0000000100000000)
  region size 1024K, 44 young (45056K), 3 survivors (3072K)
 Metaspace       used 68998K, committed 69696K, reserved 491520K
  class space    used 9865K, committed 10240K, reserved 425984K
}
Event: 48.595 GC heap after
{Heap after GC invocations=35 (full 0):
 garbage-first heap   total 148480K, used 77424K [0x0000000080000000, 0x0000000100000000)
  region size 1024K, 6 young (6144K), 6 survivors (6144K)
 Metaspace       used 68998K, committed 69696K, reserved 491520K
  class space    used 9865K, committed 10240K, reserved 425984K
}
Event: 49.779 GC heap before
{Heap before GC invocations=35 (full 0):
 garbage-first heap   total 148480K, used 115312K [0x0000000080000000, 0x0000000100000000)
  region size 1024K, 44 young (45056K), 6 survivors (6144K)
 Metaspace       used 70084K, committed 70912K, reserved 491520K
  class space    used 9961K, committed 10368K, reserved 425984K
}
Event: 49.793 GC heap after
{Heap after GC invocations=36 (full 0):
 garbage-first heap   total 148480K, used 82873K [0x0000000080000000, 0x0000000100000000)
  region size 1024K, 6 young (6144K), 6 survivors (6144K)
 Metaspace       used 70084K, committed 70912K, reserved 491520K
  class space    used 9961K, committed 10368K, reserved 425984K
}
Event: 50.708 GC heap before
{Heap before GC invocations=36 (full 0):
 garbage-first heap   total 148480K, used 117689K [0x0000000080000000, 0x0000000100000000)
  region size 1024K, 40 young (40960K), 6 survivors (6144K)
 Metaspace       used 70272K, committed 71040K, reserved 491520K
  class space    used 9961K, committed 10368K, reserved 425984K
}
Event: 50.717 GC heap after
{Heap after GC invocations=37 (full 0):
 garbage-first heap   total 148480K, used 85803K [0x0000000080000000, 0x0000000100000000)
  region size 1024K, 4 young (4096K), 4 survivors (4096K)
 Metaspace       used 70272K, committed 71040K, reserved 491520K
  class space    used 9961K, committed 10368K, reserved 425984K
}
Event: 51.172 GC heap before
{Heap before GC invocations=37 (full 0):
 garbage-first heap   total 148480K, used 117547K [0x0000000080000000, 0x0000000100000000)
  region size 1024K, 36 young (36864K), 4 survivors (4096K)
 Metaspace       used 70288K, committed 71104K, reserved 491520K
  class space    used 9961K, committed 10368K, reserved 425984K
}
Event: 51.178 GC heap after
{Heap after GC invocations=38 (full 0):
 garbage-first heap   total 148480K, used 87004K [0x0000000080000000, 0x0000000100000000)
  region size 1024K, 4 young (4096K), 4 survivors (4096K)
 Metaspace       used 70288K, committed 71104K, reserved 491520K
  class space    used 9961K, committed 10368K, reserved 425984K
}
Event: 51.682 GC heap before
{Heap before GC invocations=38 (full 0):
 garbage-first heap   total 148480K, used 118748K [0x0000000080000000, 0x0000000100000000)
  region size 1024K, 36 young (36864K), 4 survivors (4096K)
 Metaspace       used 70291K, committed 71104K, reserved 491520K
  class space    used 9961K, committed 10368K, reserved 425984K
}
Event: 51.688 GC heap after
{Heap after GC invocations=39 (full 0):
 garbage-first heap   total 148480K, used 87780K [0x0000000080000000, 0x0000000100000000)
  region size 1024K, 3 young (3072K), 3 survivors (3072K)
 Metaspace       used 70291K, committed 71104K, reserved 491520K
  class space    used 9961K, committed 10368K, reserved 425984K
}
Event: 52.278 GC heap before
{Heap before GC invocations=39 (full 0):
 garbage-first heap   total 148480K, used 120548K [0x0000000080000000, 0x0000000100000000)
  region size 1024K, 36 young (36864K), 3 survivors (3072K)
 Metaspace       used 70292K, committed 71104K, reserved 491520K
  class space    used 9961K, committed 10368K, reserved 425984K
}
Event: 52.283 GC heap after
{Heap after GC invocations=40 (full 0):
 garbage-first heap   total 148480K, used 88570K [0x0000000080000000, 0x0000000100000000)
  region size 1024K, 3 young (3072K), 3 survivors (3072K)
 Metaspace       used 70292K, committed 71104K, reserved 491520K
  class space    used 9961K, committed 10368K, reserved 425984K
}
Event: 54.201 GC heap before
{Heap before GC invocations=40 (full 0):
 garbage-first heap   total 148480K, used 121338K [0x0000000080000000, 0x0000000100000000)
  region size 1024K, 31 young (31744K), 3 survivors (3072K)
 Metaspace       used 71300K, committed 72064K, reserved 491520K
  class space    used 10084K, committed 10432K, reserved 425984K
}
Event: 54.210 GC heap after
{Heap after GC invocations=41 (full 0):
 garbage-first heap   total 148480K, used 99509K [0x0000000080000000, 0x0000000100000000)
  region size 1024K, 5 young (5120K), 5 survivors (5120K)
 Metaspace       used 71300K, committed 72064K, reserved 491520K
  class space    used 10084K, committed 10432K, reserved 425984K
}
Event: 55.084 GC heap before
{Heap before GC invocations=42 (full 0):
 garbage-first heap   total 174080K, used 119989K [0x0000000080000000, 0x0000000100000000)
  region size 1024K, 25 young (25600K), 5 survivors (5120K)
 Metaspace       used 72730K, committed 73536K, reserved 491520K
  class space    used 10264K, committed 10624K, reserved 425984K
}
Event: 55.091 GC heap after
{Heap after GC invocations=43 (full 0):
 garbage-first heap   total 174080K, used 101619K [0x0000000080000000, 0x0000000100000000)
  region size 1024K, 1 young (1024K), 1 survivors (1024K)
 Metaspace       used 72730K, committed 73536K, reserved 491520K
  class space    used 10264K, committed 10624K, reserved 425984K
}
Event: 55.412 GC heap before
{Heap before GC invocations=43 (full 0):
 garbage-first heap   total 174080K, used 107763K [0x0000000080000000, 0x0000000100000000)
  region size 1024K, 8 young (8192K), 1 survivors (1024K)
 Metaspace       used 73411K, committed 74240K, reserved 491520K
  class space    used 10314K, committed 10688K, reserved 425984K
}
Event: 55.419 GC heap after
{Heap after GC invocations=44 (full 0):
 garbage-first heap   total 174080K, used 98878K [0x0000000080000000, 0x0000000100000000)
  region size 1024K, 1 young (1024K), 1 survivors (1024K)
 Metaspace       used 73411K, committed 74240K, reserved 491520K
  class space    used 10314K, committed 10688K, reserved 425984K
}
Event: 57.708 GC heap before
{Heap before GC invocations=44 (full 0):
 garbage-first heap   total 174080K, used 144958K [0x0000000080000000, 0x0000000100000000)
  region size 1024K, 41 young (41984K), 1 survivors (1024K)
 Metaspace       used 76514K, committed 77312K, reserved 557056K
  class space    used 10683K, committed 11072K, reserved 425984K
}
Event: 57.716 GC heap after
{Heap after GC invocations=45 (full 0):
 garbage-first heap   total 208896K, used 103898K [0x0000000080000000, 0x0000000100000000)
  region size 1024K, 5 young (5120K), 5 survivors (5120K)
 Metaspace       used 76514K, committed 77312K, reserved 557056K
  class space    used 10683K, committed 11072K, reserved 425984K
}

